#
# There is insufficient memory for the Java Runtime Environment to continue.
# Native memory allocation (mmap) failed to map 65011712 bytes for G1 virtual space
# Possible reasons:
#   The system is out of physical RAM or swap space
#   The process is running with CompressedOops enabled, and the Java Heap may be blocking the growth of the native heap
# Possible solutions:
#   Reduce memory load on the system
#   Increase physical memory or swap space
#   Check if swap backing store is full
#   Decrease Java heap size (-Xmx/-Xms)
#   Decrease number of Java threads
#   Decrease Java thread stack sizes (-Xss)
#   Set larger code cache with -XX:ReservedCodeCacheSize=
#   JVM is running with Unscaled Compressed Oops mode in which the Java heap is
#     placed in the first 4GB address space. The Java Heap base address is the
#     maximum limit for the native heap growth. Please use -XX:HeapBaseMinAddress
#     to set the Java Heap base and to place the Java Heap above 4GB virtual address.
# This output file may be truncated or incomplete.
#
#  Out of Memory Error (os_windows.cpp:3613), pid=18840, tid=10816
#
# JRE version:  (17.0.10+7) (build )
# Java VM: OpenJDK 64-Bit Server VM (17.0.10+7, mixed mode, sharing, tiered, compressed oops, compressed class ptrs, g1 gc, windows-amd64)
# No core dump will be written. Minidumps are not enabled by default on client versions of Windows
#

---------------  S U M M A R Y ------------

Command Line: -Dfile.encoding=UTF-8 -Dstdout.encoding=UTF-8 -Dstderr.encoding=UTF-8 -XX:+ShowCodeDetailsInExceptionMessages principal.Main

Host: 11th Gen Intel(R) Core(TM) i3-1115G4 @ 3.00GHz, 4 cores, 3G,  Windows 11 , 64 bit Build 22621 (10.0.22621.3672)
Time: Thu Jun 27 17:46:29 2024 Hora oficial do Brasil elapsed time: 0.019356 seconds (0d 0h 0m 0s)

---------------  T H R E A D  ---------------

Current thread (0x000002251eff7e60):  JavaThread "Unknown thread" [_thread_in_vm, id=10816, stack(0x00000064f9b00000,0x00000064f9c00000)]

Stack: [0x00000064f9b00000,0x00000064f9c00000]
Native frames: (J=compiled Java code, j=interpreted, Vv=VM code, C=native code)
V  [jvm.dll+0x67d2c9]
V  [jvm.dll+0x834afa]
V  [jvm.dll+0x8365be]
V  [jvm.dll+0x836c23]
V  [jvm.dll+0x2477ff]
V  [jvm.dll+0x67a109]
V  [jvm.dll+0x66eb7a]
V  [jvm.dll+0x30764b]
V  [jvm.dll+0x30eaf6]
V  [jvm.dll+0x35e83e]
V  [jvm.dll+0x35ea6f]
V  [jvm.dll+0x2de248]
V  [jvm.dll+0x2df1b4]
V  [jvm.dll+0x806361]
V  [jvm.dll+0x36c6f1]
V  [jvm.dll+0x7e4e06]
V  [jvm.dll+0x3eff3f]
V  [jvm.dll+0x3f1b71]
C  [jli.dll+0x528f]
C  [ucrtbase.dll+0x29333]
C  [KERNEL32.DLL+0x1257d]
C  [ntdll.dll+0x5af28]


---------------  P R O C E S S  ---------------

Threads class SMR info:
_java_thread_list=0x00007ff9b65dee98, length=0, elements={
}

Java Threads: ( => current thread )

Other Threads:
  0x000002251f038670 GCTaskThread "GC Thread#0" [stack: 0x00000064f9c00000,0x00000064f9d00000] [id=14208]
  0x000002251f040f00 ConcurrentGCThread "G1 Main Marker" [stack: 0x00000064f9d00000,0x00000064f9e00000] [id=3732]
  0x000002251f0420c0 ConcurrentGCThread "G1 Conc#0" [stack: 0x00000064f9e00000,0x00000064f9f00000] [id=17632]

[error occurred during error reporting (printing all threads), id 0xc0000005, EXCEPTION_ACCESS_VIOLATION (0xc0000005) at pc=0x00007ff9b5d9ec87]

VM state: not at safepoint (not fully initialized)

VM Mutex/Monitor currently owned by a thread:  ([mutex/lock_event])
[0x000002251eff3810] Heap_lock - owner thread: 0x000002251eff7e60

Heap address: 0x00000000c3600000, size: 970 MB, Compressed Oops mode: 32-bit

CDS archive(s) mapped at: [0x0000000000000000-0x0000000000000000-0x0000000000000000), size 0, SharedBaseAddress: 0x0000000800000000, ArchiveRelocationMode: 1.
Narrow klass base: 0x0000000000000000, Narrow klass shift: 0, Narrow klass range: 0x0

GC Precious Log:
<Empty>

Heap:
 garbage-first heap   total 0K, used 0K [0x00000000c3600000, 0x0000000100000000)
  region size 1024K, 0 young (0K), 0 survivors (0K)

[error occurred during error reporting (printing heap information), id 0xc0000005, EXCEPTION_ACCESS_VIOLATION (0xc0000005) at pc=0x00007ff9b6186fb9]

GC Heap History (0 events):
No events

Dll operation events (1 events):
Event: 0.008 Loaded shared library C:\Users\ritad\.p2\pool\plugins\org.eclipse.justj.openjdk.hotspot.jre.full.win32.x86_64_17.0.10.v20240120-1143\jre\bin\java.dll

Deoptimization events (0 events):
No events

Classes unloaded (0 events):
No events

Classes redefined (0 events):
No events

Internal exceptions (0 events):
No events

VM Operations (0 events):
No events

Events (0 events):
No events


Dynamic libraries:
0x00007ff7ea6d0000 - 0x00007ff7ea6de000 	C:\Users\ritad\.p2\pool\plugins\org.eclipse.justj.openjdk.hotspot.jre.full.win32.x86_64_17.0.10.v20240120-1143\jre\bin\javaw.exe
0x00007ffa04ff0000 - 0x00007ffa05207000 	C:\WINDOWS\SYSTEM32\ntdll.dll
0x00007ffa03f50000 - 0x00007ffa04014000 	C:\WINDOWS\System32\KERNEL32.DLL
0x00007ffa02440000 - 0x00007ffa027ec000 	C:\WINDOWS\System32\KERNELBASE.dll
0x00007ffa02a10000 - 0x00007ffa02b21000 	C:\WINDOWS\System32\ucrtbase.dll
0x00007ff9f83f0000 - 0x00007ff9f8407000 	C:\Users\ritad\.p2\pool\plugins\org.eclipse.justj.openjdk.hotspot.jre.full.win32.x86_64_17.0.10.v20240120-1143\jre\bin\jli.dll
0x00007ffa04170000 - 0x00007ffa0431e000 	C:\WINDOWS\System32\USER32.dll
0x00007ff9f83d0000 - 0x00007ff9f83eb000 	C:\Users\ritad\.p2\pool\plugins\org.eclipse.justj.openjdk.hotspot.jre.full.win32.x86_64_17.0.10.v20240120-1143\jre\bin\VCRUNTIME140.dll
0x00007ffa02960000 - 0x00007ffa02986000 	C:\WINDOWS\System32\win32u.dll
0x00007ffa03f20000 - 0x00007ffa03f49000 	C:\WINDOWS\System32\GDI32.dll
0x00007ffa02320000 - 0x00007ffa02439000 	C:\WINDOWS\System32\gdi32full.dll
0x00007ffa02c60000 - 0x00007ffa02cfa000 	C:\WINDOWS\System32\msvcp_win.dll
0x00007ff9eb200000 - 0x00007ff9eb493000 	C:\WINDOWS\WinSxS\amd64_microsoft.windows.common-controls_6595b64144ccf1df_6.0.22621.3672_none_2713b9d173822955\COMCTL32.dll
0x00007ffa031b0000 - 0x00007ffa03257000 	C:\WINDOWS\System32\msvcrt.dll
0x00007ffa04320000 - 0x00007ffa04351000 	C:\WINDOWS\System32\IMM32.DLL
0x00007ff9cd710000 - 0x00007ff9cd71c000 	C:\Users\ritad\.p2\pool\plugins\org.eclipse.justj.openjdk.hotspot.jre.full.win32.x86_64_17.0.10.v20240120-1143\jre\bin\vcruntime140_1.dll
0x00007ff980210000 - 0x00007ff98029d000 	C:\Users\ritad\.p2\pool\plugins\org.eclipse.justj.openjdk.hotspot.jre.full.win32.x86_64_17.0.10.v20240120-1143\jre\bin\msvcp140.dll
0x00007ff9b5ab0000 - 0x00007ff9b6712000 	C:\Users\ritad\.p2\pool\plugins\org.eclipse.justj.openjdk.hotspot.jre.full.win32.x86_64_17.0.10.v20240120-1143\jre\bin\server\jvm.dll
0x00007ffa04d90000 - 0x00007ffa04e42000 	C:\WINDOWS\System32\ADVAPI32.dll
0x00007ffa04ed0000 - 0x00007ffa04f7a000 	C:\WINDOWS\System32\sechost.dll
0x00007ffa02d00000 - 0x00007ffa02d28000 	C:\WINDOWS\System32\bcrypt.dll
0x00007ffa04030000 - 0x00007ffa04145000 	C:\WINDOWS\System32\RPCRT4.dll
0x00007ffa01390000 - 0x00007ffa013dd000 	C:\WINDOWS\SYSTEM32\POWRPROF.dll
0x00007ff9fad40000 - 0x00007ff9fad49000 	C:\WINDOWS\SYSTEM32\WSOCK32.dll
0x00007ffa04e50000 - 0x00007ffa04ec1000 	C:\WINDOWS\System32\WS2_32.dll
0x00007ff9faee0000 - 0x00007ff9faf14000 	C:\WINDOWS\SYSTEM32\WINMM.dll
0x00007ff9f87e0000 - 0x00007ff9f87ea000 	C:\WINDOWS\SYSTEM32\VERSION.dll
0x00007ffa01330000 - 0x00007ffa01343000 	C:\WINDOWS\SYSTEM32\UMPDC.dll
0x00007ffa01440000 - 0x00007ffa01458000 	C:\WINDOWS\SYSTEM32\kernel.appcore.dll
0x00007ff9fad30000 - 0x00007ff9fad3a000 	C:\Users\ritad\.p2\pool\plugins\org.eclipse.justj.openjdk.hotspot.jre.full.win32.x86_64_17.0.10.v20240120-1143\jre\bin\jimage.dll
0x00007ff9f95a0000 - 0x00007ff9f97d2000 	C:\WINDOWS\SYSTEM32\DBGHELP.DLL
0x00007ffa03260000 - 0x00007ffa035e8000 	C:\WINDOWS\System32\combase.dll
0x00007ffa04bc0000 - 0x00007ffa04c97000 	C:\WINDOWS\System32\OLEAUT32.dll
0x00007ff9df9d0000 - 0x00007ff9dfa02000 	C:\WINDOWS\SYSTEM32\dbgcore.DLL
0x00007ffa02990000 - 0x00007ffa02a0b000 	C:\WINDOWS\System32\bcryptPrimitives.dll
0x00007ff9f5d30000 - 0x00007ff9f5d55000 	C:\Users\ritad\.p2\pool\plugins\org.eclipse.justj.openjdk.hotspot.jre.full.win32.x86_64_17.0.10.v20240120-1143\jre\bin\java.dll

dbghelp: loaded successfully - version: 4.0.5 - missing functions: none
symbol engine: initialized successfully - sym options: 0x614 - pdb path: .;C:\Users\ritad\.p2\pool\plugins\org.eclipse.justj.openjdk.hotspot.jre.full.win32.x86_64_17.0.10.v20240120-1143\jre\bin;C:\WINDOWS\SYSTEM32;C:\WINDOWS\WinSxS\amd64_microsoft.windows.common-controls_6595b64144ccf1df_6.0.22621.3672_none_2713b9d173822955;C:\Users\ritad\.p2\pool\plugins\org.eclipse.justj.openjdk.hotspot.jre.full.win32.x86_64_17.0.10.v20240120-1143\jre\bin\server

VM Arguments:
jvm_args: -Dfile.encoding=UTF-8 -Dstdout.encoding=UTF-8 -Dstderr.encoding=UTF-8 -XX:+ShowCodeDetailsInExceptionMessages 
java_command: principal.Main
java_class_path (initial): C:\GIT\JAVA\CursoJavaProgrammerMaio_me\ProjetoFinal\bin
Launcher Type: SUN_STANDARD

[Global flags]
     intx CICompilerCount                          = 3                                         {product} {ergonomic}
     uint ConcGCThreads                            = 1                                         {product} {ergonomic}
     uint G1ConcRefinementThreads                  = 4                                         {product} {ergonomic}
   size_t G1HeapRegionSize                         = 1048576                                   {product} {ergonomic}
    uintx GCDrainStackTargetSize                   = 64                                        {product} {ergonomic}
   size_t InitialHeapSize                          = 65011712                                  {product} {ergonomic}
   size_t MarkStackSize                            = 4194304                                   {product} {ergonomic}
   size_t MaxHeapSize                              = 1017118720                                {product} {ergonomic}
   size_t MinHeapDeltaBytes                        = 1048576                                   {product} {ergonomic}
   size_t MinHeapSize                              = 8388608                                   {product} {ergonomic}
    uintx NonNMethodCodeHeapSize                   = 5832780                                {pd product} {ergonomic}
    uintx NonProfiledCodeHeapSize                  = 122912730                              {pd product} {ergonomic}
    uintx ProfiledCodeHeapSize                     = 122912730                              {pd product} {ergonomic}
    uintx ReservedCodeCacheSize                    = 251658240                              {pd product} {ergonomic}
     bool SegmentedCodeCache                       = true                                      {product} {ergonomic}
     bool ShowCodeDetailsInExceptionMessages       = true                                   {manageable} {command line}
   size_t SoftMaxHeapSize                          = 1017118720                             {manageable} {ergonomic}
     bool UseCompressedClassPointers               = true                           {product lp64_product} {ergonomic}
     bool UseCompressedOops                        = true                           {product lp64_product} {ergonomic}
     bool UseG1GC                                  = true                                      {product} {ergonomic}
     bool UseLargePagesIndividualAllocation        = false                                  {pd product} {ergonomic}

Logging:
Log output configuration:
 #0: stdout all=warning uptime,level,tags
 #1: stderr all=off uptime,level,tags

Environment Variables:
PATH=C:/Users/ritad/.p2/pool/plugins/org.eclipse.justj.openjdk.hotspot.jre.full.win32.x86_64_17.0.10.v20240120-1143/jre/bin/server;C:/Users/ritad/.p2/pool/plugins/org.eclipse.justj.openjdk.hotspot.jre.full.win32.x86_64_17.0.10.v20240120-1143/jre/bin;C:\Program Files\Common Files\Oracle\Java\javapath;C:\Program Files (x86)\Common Files\Oracle\Java\javapath;C:\WINDOWS\system32;C:\WINDOWS;C:\WINDOWS\System32\Wbem;C:\WINDOWS\System32\WindowsPowerShell\v1.0\;C:\WINDOWS\System32\OpenSSH\;C:\Program Files\TortoiseGit\bin;C:\Program Files\Git\cmd;C:\Users\ritad\AppData\Local\Programs\Python\Launcher\;C:\Users\ritad\AppData\Local\Microsoft\WindowsApps;C:\Users\ritad\AppData\Local\Programs\Microsoft VS Code\bin;C:\WINDOWS\system32;
USERNAME=ritad
OS=Windows_NT
PROCESSOR_IDENTIFIER=Intel64 Family 6 Model 140 Stepping 2, GenuineIntel
TMP=C:\Users\ritad\AppData\Local\Temp
TEMP=C:\Users\ritad\AppData\Local\Temp



Periodic native trim disabled


---------------  S Y S T E M  ---------------

OS:
 Windows 11 , 64 bit Build 22621 (10.0.22621.3672)
OS uptime: 2 days 2:03 hours

CPU: total 4 (initial active 4) (2 cores per cpu, 2 threads per core) family 6 model 140 stepping 2 microcode 0x26, cx8, cmov, fxsr, ht, mmx, 3dnowpref, sse, sse2, sse3, ssse3, sse4.1, sse4.2, popcnt, lzcnt, tsc, tscinvbit, avx, avx2, aes, erms, clmul, bmi1, bmi2, adx, avx512f, avx512dq, avx512cd, avx512bw, avx512vl, sha, fma, vzeroupper, avx512_vpopcntdq, avx512_vpclmulqdq, avx512_vaes, avx512_vnni, clflush, clflushopt, clwb, avx512_vbmi2, avx512_vbmi
Processor Information for all 4 processors :
  Max Mhz: 2995, Current Mhz: 2995, Mhz Limit: 2995

Memory: 4k page, system-wide physical 3879M (134M free)
TotalPageFile size 15655M (AvailPageFile size 40M)
current process WorkingSet (physical memory assigned to process): 10M, peak: 10M
current process commit charge ("private bytes"): 51M, peak: 113M

vm_info: OpenJDK 64-Bit Server VM (17.0.10+7) for windows-amd64 JRE (17.0.10+7), built on Jan 16 2024 23:25:11 by "admin" with MS VC++ 16.10 / 16.11 (VS2019)

END.
